[30-Jan-2026 01:56:23 UTC] PHP Fatal error:  Uncaught Error: Call to undefined method PhpOffice\PhpSpreadsheet\Worksheet\Worksheet::setCellValueByColumnAndRow() in F:\it-asset\pages\download_asset_template.php:29
Stack trace:
#0 F:\it-asset\index.php(33): include()
#1 {main}
  thrown in F:\it-asset\pages\download_asset_template.php on line 29
[30-Jan-2026 02:05:33 UTC] PHP Fatal error:  Uncaught Error: Class "Composer\Pcre\Preg" not found in F:\it-asset\lib\vendor\phpoffice\PhpSpreadsheet\src\PhpSpreadsheet\Worksheet\Worksheet.php:1225
Stack trace:
#0 F:\it-asset\lib\vendor\phpoffice\PhpSpreadsheet\src\PhpSpreadsheet\Worksheet\Worksheet.php(1197): PhpOffice\PhpSpreadsheet\Worksheet\Worksheet->getWorksheetAndCoordinate()
#1 F:\it-asset\lib\vendor\phpoffice\PhpSpreadsheet\src\PhpSpreadsheet\Worksheet\Worksheet.php(1141): PhpOffice\PhpSpreadsheet\Worksheet\Worksheet->getCell()
#2 F:\it-asset\pages\download_asset_template.php(28): PhpOffice\PhpSpreadsheet\Worksheet\Worksheet->setCellValue()
#3 F:\it-asset\index.php(33): include('...')
#4 {main}
  thrown in F:\it-asset\lib\vendor\phpoffice\PhpSpreadsheet\src\PhpSpreadsheet\Worksheet\Worksheet.php on line 1225
[30-Jan-2026 02:06:08 UTC] PHP Fatal error:  Uncaught Error: Class "Composer\Pcre\Preg" not found in F:\it-asset\lib\vendor\phpoffice\PhpSpreadsheet\src\PhpSpreadsheet\Worksheet\Worksheet.php:1225
Stack trace:
#0 F:\it-asset\lib\vendor\phpoffice\PhpSpreadsheet\src\PhpSpreadsheet\Worksheet\Worksheet.php(1197): PhpOffice\PhpSpreadsheet\Worksheet\Worksheet->getWorksheetAndCoordinate()
#1 F:\it-asset\lib\vendor\phpoffice\PhpSpreadsheet\src\PhpSpreadsheet\Worksheet\Worksheet.php(1141): PhpOffice\PhpSpreadsheet\Worksheet\Worksheet->getCell()
#2 F:\it-asset\pages\download_asset_template.php(28): PhpOffice\PhpSpreadsheet\Worksheet\Worksheet->setCellValue()
#3 F:\it-asset\index.php(33): include('...')
#4 {main}
  thrown in F:\it-asset\lib\vendor\phpoffice\PhpSpreadsheet\src\PhpSpreadsheet\Worksheet\Worksheet.php on line 1225
[30-Jan-2026 02:10:30 UTC] PHP Deprecated:  Composer\Pcre\Preg::split(): Implicitly marking parameter $count as nullable is deprecated, the explicit nullable type must be used instead in F:\it-asset\lib\vendor\composer\pcre\src\Preg.php on line 153
[30-Jan-2026 02:10:30 UTC] PHP Fatal error:  Uncaught Error: Call to undefined method Composer\Pcre\Preg::isMatch() in F:\it-asset\lib\vendor\phpoffice\PhpSpreadsheet\src\PhpSpreadsheet\Worksheet\Worksheet.php:1225
Stack trace:
#0 F:\it-asset\lib\vendor\phpoffice\PhpSpreadsheet\src\PhpSpreadsheet\Worksheet\Worksheet.php(1197): PhpOffice\PhpSpreadsheet\Worksheet\Worksheet->getWorksheetAndCoordinate()
#1 F:\it-asset\lib\vendor\phpoffice\PhpSpreadsheet\src\PhpSpreadsheet\Worksheet\Worksheet.php(1141): PhpOffice\PhpSpreadsheet\Worksheet\Worksheet->getCell()
#2 F:\it-asset\pages\download_asset_template.php(28): PhpOffice\PhpSpreadsheet\Worksheet\Worksheet->setCellValue()
#3 F:\it-asset\index.php(33): include('...')
#4 {main}
  thrown in F:\it-asset\lib\vendor\phpoffice\PhpSpreadsheet\src\PhpSpreadsheet\Worksheet\Worksheet.php on line 1225
[30-Jan-2026 02:12:07 UTC] PHP Fatal error:  Uncaught TypeError: Composer\Pcre\Preg::replace(): Argument #1 ($pattern) must be of type string, array given, called in F:\it-asset\lib\vendor\phpoffice\PhpSpreadsheet\src\PhpSpreadsheet\Worksheet\Validations.php on line 66 and defined in F:\it-asset\lib\vendor\composer\pcre\src\Preg.php:99
Stack trace:
#0 F:\it-asset\lib\vendor\phpoffice\PhpSpreadsheet\src\PhpSpreadsheet\Worksheet\Validations.php(66): Composer\Pcre\Preg::replace()
#1 F:\it-asset\lib\vendor\phpoffice\PhpSpreadsheet\src\PhpSpreadsheet\Worksheet\Validations.php(87): PhpOffice\PhpSpreadsheet\Worksheet\Validations::convertWholeRowColumn()
#2 F:\it-asset\lib\vendor\phpoffice\PhpSpreadsheet\src\PhpSpreadsheet\Worksheet\Validations.php(54): PhpOffice\PhpSpreadsheet\Worksheet\Validations::validateCellRange()
#3 F:\it-asset\lib\vendor\phpoffice\PhpSpreadsheet\src\PhpSpreadsheet\Worksheet\Worksheet.php(1424): PhpOffice\PhpSpreadsheet\Worksheet\Validations::validateCellOrCellRange()
#4 F:\it-asset\lib\vendor\phpoffice\PhpSpreadsheet\src\PhpSpreadsheet\Cell\Cell.php(890): PhpOffice\PhpSpreadsheet\Worksheet\Worksheet->getStyle()
#5 F:\it-asset\lib\vendor\phpoffice\PhpSpreadsheet\src\PhpSpreadsheet\Cell\Cell.php(365): PhpOffice\PhpSpreadsheet\Cell\Cell->getStyle()
#6 F:\it-asset\lib\vendor\phpoffice\PhpSpreadsheet\src\PhpSpreadsheet\Cell\DefaultValueBinder.php(47): PhpOffice\PhpSpreadsheet\Cell\Cell->setValueExplicit()
#7 F:\it-asset\lib\vendor\phpoffice\PhpSpreadsheet\src\PhpSpreadsheet\Cell\Cell.php(242): PhpOffice\PhpSpreadsheet\Cell\DefaultValueBinder->bindValue()
#8 F:\it-asset\lib\vendor\phpoffice\PhpSpreadsheet\src\PhpSpreadsheet\Worksheet\Worksheet.php(1141): PhpOffice\PhpSpreadsheet\Cell\Cell->setValue()
#9 F:\it-asset\pages\download_asset_template.php(28): PhpOffice\PhpSpreadsheet\Worksheet\Worksheet->setCellValue()
#10 F:\it-asset\index.php(33): include('...')
#11 {main}
  thrown in F:\it-asset\lib\vendor\composer\pcre\src\Preg.php on line 99
[30-Jan-2026 02:12:16 UTC] PHP Fatal error:  Uncaught TypeError: Composer\Pcre\Preg::replace(): Argument #1 ($pattern) must be of type string, array given, called in F:\it-asset\lib\vendor\phpoffice\PhpSpreadsheet\src\PhpSpreadsheet\Worksheet\Validations.php on line 66 and defined in F:\it-asset\lib\vendor\composer\pcre\src\Preg.php:99
Stack trace:
#0 F:\it-asset\lib\vendor\phpoffice\PhpSpreadsheet\src\PhpSpreadsheet\Worksheet\Validations.php(66): Composer\Pcre\Preg::replace()
#1 F:\it-asset\lib\vendor\phpoffice\PhpSpreadsheet\src\PhpSpreadsheet\Worksheet\Validations.php(87): PhpOffice\PhpSpreadsheet\Worksheet\Validations::convertWholeRowColumn()
#2 F:\it-asset\lib\vendor\phpoffice\PhpSpreadsheet\src\PhpSpreadsheet\Worksheet\Validations.php(54): PhpOffice\PhpSpreadsheet\Worksheet\Validations::validateCellRange()
#3 F:\it-asset\lib\vendor\phpoffice\PhpSpreadsheet\src\PhpSpreadsheet\Worksheet\Worksheet.php(1424): PhpOffice\PhpSpreadsheet\Worksheet\Validations::validateCellOrCellRange()
#4 F:\it-asset\lib\vendor\phpoffice\PhpSpreadsheet\src\PhpSpreadsheet\Cell\Cell.php(890): PhpOffice\PhpSpreadsheet\Worksheet\Worksheet->getStyle()
#5 F:\it-asset\lib\vendor\phpoffice\PhpSpreadsheet\src\PhpSpreadsheet\Cell\Cell.php(365): PhpOffice\PhpSpreadsheet\Cell\Cell->getStyle()
#6 F:\it-asset\lib\vendor\phpoffice\PhpSpreadsheet\src\PhpSpreadsheet\Cell\DefaultValueBinder.php(47): PhpOffice\PhpSpreadsheet\Cell\Cell->setValueExplicit()
#7 F:\it-asset\lib\vendor\phpoffice\PhpSpreadsheet\src\PhpSpreadsheet\Cell\Cell.php(242): PhpOffice\PhpSpreadsheet\Cell\DefaultValueBinder->bindValue()
#8 F:\it-asset\lib\vendor\phpoffice\PhpSpreadsheet\src\PhpSpreadsheet\Worksheet\Worksheet.php(1141): PhpOffice\PhpSpreadsheet\Cell\Cell->setValue()
#9 F:\it-asset\pages\download_asset_template.php(28): PhpOffice\PhpSpreadsheet\Worksheet\Worksheet->setCellValue()
#10 F:\it-asset\index.php(33): include('...')
#11 {main}
  thrown in F:\it-asset\lib\vendor\composer\pcre\src\Preg.php on line 99
[30-Jan-2026 02:12:59 UTC] PHP Fatal error:  Uncaught TypeError: Composer\Pcre\Preg::replace(): Argument #2 ($subject) must be of type string, array given, called in F:\it-asset\lib\vendor\phpoffice\PhpSpreadsheet\src\PhpSpreadsheet\Worksheet\Validations.php on line 66 and defined in F:\it-asset\lib\vendor\composer\pcre\src\Preg.php:99
Stack trace:
#0 F:\it-asset\lib\vendor\phpoffice\PhpSpreadsheet\src\PhpSpreadsheet\Worksheet\Validations.php(66): Composer\Pcre\Preg::replace()
#1 F:\it-asset\lib\vendor\phpoffice\PhpSpreadsheet\src\PhpSpreadsheet\Worksheet\Validations.php(87): PhpOffice\PhpSpreadsheet\Worksheet\Validations::convertWholeRowColumn()
#2 F:\it-asset\lib\vendor\phpoffice\PhpSpreadsheet\src\PhpSpreadsheet\Worksheet\Validations.php(54): PhpOffice\PhpSpreadsheet\Worksheet\Validations::validateCellRange()
#3 F:\it-asset\lib\vendor\phpoffice\PhpSpreadsheet\src\PhpSpreadsheet\Worksheet\Worksheet.php(1424): PhpOffice\PhpSpreadsheet\Worksheet\Validations::validateCellOrCellRange()
#4 F:\it-asset\lib\vendor\phpoffice\PhpSpreadsheet\src\PhpSpreadsheet\Cell\Cell.php(890): PhpOffice\PhpSpreadsheet\Worksheet\Worksheet->getStyle()
#5 F:\it-asset\lib\vendor\phpoffice\PhpSpreadsheet\src\PhpSpreadsheet\Cell\Cell.php(365): PhpOffice\PhpSpreadsheet\Cell\Cell->getStyle()
#6 F:\it-asset\lib\vendor\phpoffice\PhpSpreadsheet\src\PhpSpreadsheet\Cell\DefaultValueBinder.php(47): PhpOffice\PhpSpreadsheet\Cell\Cell->setValueExplicit()
#7 F:\it-asset\lib\vendor\phpoffice\PhpSpreadsheet\src\PhpSpreadsheet\Cell\Cell.php(242): PhpOffice\PhpSpreadsheet\Cell\DefaultValueBinder->bindValue()
#8 F:\it-asset\lib\vendor\phpoffice\PhpSpreadsheet\src\PhpSpreadsheet\Worksheet\Worksheet.php(1141): PhpOffice\PhpSpreadsheet\Cell\Cell->setValue()
#9 F:\it-asset\pages\download_asset_template.php(28): PhpOffice\PhpSpreadsheet\Worksheet\Worksheet->setCellValue()
#10 F:\it-asset\index.php(33): include('...')
#11 {main}
  thrown in F:\it-asset\lib\vendor\composer\pcre\src\Preg.php on line 99
[30-Jan-2026 02:25:47 UTC] PHP Fatal error:  Uncaught TypeError: Composer\Pcre\Preg::replace(): Argument #2 ($subject) must be of type string, array given, called in F:\it-asset\lib\vendor\phpoffice\PhpSpreadsheet\src\PhpSpreadsheet\Worksheet\Validations.php on line 66 and defined in F:\it-asset\lib\vendor\composer\pcre\src\Preg.php:99
Stack trace:
#0 F:\it-asset\lib\vendor\phpoffice\PhpSpreadsheet\src\PhpSpreadsheet\Worksheet\Validations.php(66): Composer\Pcre\Preg::replace()
#1 F:\it-asset\lib\vendor\phpoffice\PhpSpreadsheet\src\PhpSpreadsheet\Worksheet\Validations.php(87): PhpOffice\PhpSpreadsheet\Worksheet\Validations::convertWholeRowColumn()
#2 F:\it-asset\lib\vendor\phpoffice\PhpSpreadsheet\src\PhpSpreadsheet\Worksheet\Validations.php(54): PhpOffice\PhpSpreadsheet\Worksheet\Validations::validateCellRange()
#3 F:\it-asset\lib\vendor\phpoffice\PhpSpreadsheet\src\PhpSpreadsheet\Worksheet\Worksheet.php(1424): PhpOffice\PhpSpreadsheet\Worksheet\Validations::validateCellOrCellRange()
#4 F:\it-asset\lib\vendor\phpoffice\PhpSpreadsheet\src\PhpSpreadsheet\Cell\Cell.php(890): PhpOffice\PhpSpreadsheet\Worksheet\Worksheet->getStyle()
#5 F:\it-asset\lib\vendor\phpoffice\PhpSpreadsheet\src\PhpSpreadsheet\Cell\Cell.php(365): PhpOffice\PhpSpreadsheet\Cell\Cell->getStyle()
#6 F:\it-asset\lib\vendor\phpoffice\PhpSpreadsheet\src\PhpSpreadsheet\Cell\DefaultValueBinder.php(47): PhpOffice\PhpSpreadsheet\Cell\Cell->setValueExplicit()
#7 F:\it-asset\lib\vendor\phpoffice\PhpSpreadsheet\src\PhpSpreadsheet\Cell\Cell.php(242): PhpOffice\PhpSpreadsheet\Cell\DefaultValueBinder->bindValue()
#8 F:\it-asset\lib\vendor\phpoffice\PhpSpreadsheet\src\PhpSpreadsheet\Worksheet\Worksheet.php(1141): PhpOffice\PhpSpreadsheet\Cell\Cell->setValue()
#9 F:\it-asset\pages\download_user_template.php(20): PhpOffice\PhpSpreadsheet\Worksheet\Worksheet->setCellValue()
#10 F:\it-asset\index.php(69): include('...')
#11 {main}
  thrown in F:\it-asset\lib\vendor\composer\pcre\src\Preg.php on line 99
[30-Jan-2026 02:28:05 UTC] PHP Fatal error:  Uncaught TypeError: Composer\Pcre\Preg::replace(): Argument #2 ($subject) must be of type string, array given, called in F:\it-asset\lib\vendor\phpoffice\PhpSpreadsheet\src\PhpSpreadsheet\Worksheet\Validations.php on line 66 and defined in F:\it-asset\lib\vendor\composer\pcre\src\Preg.php:99
Stack trace:
#0 F:\it-asset\lib\vendor\phpoffice\PhpSpreadsheet\src\PhpSpreadsheet\Worksheet\Validations.php(66): Composer\Pcre\Preg::replace()
#1 F:\it-asset\lib\vendor\phpoffice\PhpSpreadsheet\src\PhpSpreadsheet\Worksheet\Validations.php(87): PhpOffice\PhpSpreadsheet\Worksheet\Validations::convertWholeRowColumn()
#2 F:\it-asset\lib\vendor\phpoffice\PhpSpreadsheet\src\PhpSpreadsheet\Worksheet\Validations.php(54): PhpOffice\PhpSpreadsheet\Worksheet\Validations::validateCellRange()
#3 F:\it-asset\lib\vendor\phpoffice\PhpSpreadsheet\src\PhpSpreadsheet\Worksheet\Worksheet.php(1424): PhpOffice\PhpSpreadsheet\Worksheet\Validations::validateCellOrCellRange()
#4 F:\it-asset\lib\vendor\phpoffice\PhpSpreadsheet\src\PhpSpreadsheet\Cell\Cell.php(890): PhpOffice\PhpSpreadsheet\Worksheet\Worksheet->getStyle()
#5 F:\it-asset\lib\vendor\phpoffice\PhpSpreadsheet\src\PhpSpreadsheet\Cell\Cell.php(365): PhpOffice\PhpSpreadsheet\Cell\Cell->getStyle()
#6 F:\it-asset\lib\vendor\phpoffice\PhpSpreadsheet\src\PhpSpreadsheet\Cell\DefaultValueBinder.php(47): PhpOffice\PhpSpreadsheet\Cell\Cell->setValueExplicit()
#7 F:\it-asset\lib\vendor\phpoffice\PhpSpreadsheet\src\PhpSpreadsheet\Cell\Cell.php(242): PhpOffice\PhpSpreadsheet\Cell\DefaultValueBinder->bindValue()
#8 F:\it-asset\lib\vendor\phpoffice\PhpSpreadsheet\src\PhpSpreadsheet\Worksheet\Worksheet.php(2972): PhpOffice\PhpSpreadsheet\Cell\Cell->setValue()
#9 F:\it-asset\pages\download_asset_template.php(27): PhpOffice\PhpSpreadsheet\Worksheet\Worksheet->fromArray()
#10 F:\it-asset\index.php(33): include('...')
#11 {main}
  thrown in F:\it-asset\lib\vendor\composer\pcre\src\Preg.php on line 99
[30-Jan-2026 02:29:06 UTC] PHP Fatal error:  Uncaught TypeError: PhpOffice\PhpSpreadsheet\Worksheet\Validations::convertWholeRowColumn(): Return value must be of type string, array returned in F:\it-asset\lib\vendor\phpoffice\PhpSpreadsheet\src\PhpSpreadsheet\Worksheet\Validations.php:69
Stack trace:
#0 F:\it-asset\lib\vendor\phpoffice\PhpSpreadsheet\src\PhpSpreadsheet\Worksheet\Validations.php(87): PhpOffice\PhpSpreadsheet\Worksheet\Validations::convertWholeRowColumn()
#1 F:\it-asset\lib\vendor\phpoffice\PhpSpreadsheet\src\PhpSpreadsheet\Worksheet\Validations.php(54): PhpOffice\PhpSpreadsheet\Worksheet\Validations::validateCellRange()
#2 F:\it-asset\lib\vendor\phpoffice\PhpSpreadsheet\src\PhpSpreadsheet\Worksheet\Worksheet.php(1424): PhpOffice\PhpSpreadsheet\Worksheet\Validations::validateCellOrCellRange()
#3 F:\it-asset\lib\vendor\phpoffice\PhpSpreadsheet\src\PhpSpreadsheet\Cell\Cell.php(890): PhpOffice\PhpSpreadsheet\Worksheet\Worksheet->getStyle()
#4 F:\it-asset\lib\vendor\phpoffice\PhpSpreadsheet\src\PhpSpreadsheet\Cell\Cell.php(365): PhpOffice\PhpSpreadsheet\Cell\Cell->getStyle()
#5 F:\it-asset\lib\vendor\phpoffice\PhpSpreadsheet\src\PhpSpreadsheet\Cell\DefaultValueBinder.php(47): PhpOffice\PhpSpreadsheet\Cell\Cell->setValueExplicit()
#6 F:\it-asset\lib\vendor\phpoffice\PhpSpreadsheet\src\PhpSpreadsheet\Cell\Cell.php(242): PhpOffice\PhpSpreadsheet\Cell\DefaultValueBinder->bindValue()
#7 F:\it-asset\lib\vendor\phpoffice\PhpSpreadsheet\src\PhpSpreadsheet\Worksheet\Worksheet.php(2972): PhpOffice\PhpSpreadsheet\Cell\Cell->setValue()
#8 F:\it-asset\pages\download_asset_template.php(27): PhpOffice\PhpSpreadsheet\Worksheet\Worksheet->fromArray()
#9 F:\it-asset\index.php(33): include('...')
#10 {main}
  thrown in F:\it-asset\lib\vendor\phpoffice\PhpSpreadsheet\src\PhpSpreadsheet\Worksheet\Validations.php on line 69
[30-Jan-2026 02:37:37 UTC] PHP Fatal error:  Uncaught Error: Class "ZipStream\ZipStream" not found in F:\it-asset\lib\vendor\phpoffice\PhpSpreadsheet\src\PhpSpreadsheet\Writer\ZipStream3.php:14
Stack trace:
#0 F:\it-asset\lib\vendor\phpoffice\PhpSpreadsheet\src\PhpSpreadsheet\Writer\ZipStream0.php(15): PhpOffice\PhpSpreadsheet\Writer\ZipStream3::newZipStream()
#1 F:\it-asset\lib\vendor\phpoffice\PhpSpreadsheet\src\PhpSpreadsheet\Writer\Xlsx.php(585): PhpOffice\PhpSpreadsheet\Writer\ZipStream0::newZipStream()
#2 F:\it-asset\pages\download_asset_template.php(89): PhpOffice\PhpSpreadsheet\Writer\Xlsx->save()
#3 F:\it-asset\index.php(33): include('...')
#4 {main}
  thrown in F:\it-asset\lib\vendor\phpoffice\PhpSpreadsheet\src\PhpSpreadsheet\Writer\ZipStream3.php on line 14
[30-Jan-2026 02:37:38 UTC] PHP Fatal error:  Uncaught Error: Class "ZipStream\ZipStream" not found in F:\it-asset\lib\vendor\phpoffice\PhpSpreadsheet\src\PhpSpreadsheet\Writer\ZipStream3.php:14
Stack trace:
#0 F:\it-asset\lib\vendor\phpoffice\PhpSpreadsheet\src\PhpSpreadsheet\Writer\ZipStream0.php(15): PhpOffice\PhpSpreadsheet\Writer\ZipStream3::newZipStream()
#1 F:\it-asset\lib\vendor\phpoffice\PhpSpreadsheet\src\PhpSpreadsheet\Writer\Xlsx.php(585): PhpOffice\PhpSpreadsheet\Writer\ZipStream0::newZipStream()
#2 F:\it-asset\pages\download_asset_template.php(89): PhpOffice\PhpSpreadsheet\Writer\Xlsx->save()
#3 F:\it-asset\index.php(33): include('...')
#4 {main}
  thrown in F:\it-asset\lib\vendor\phpoffice\PhpSpreadsheet\src\PhpSpreadsheet\Writer\ZipStream3.php on line 14
[30-Jan-2026 02:37:43 UTC] PHP Fatal error:  Uncaught Error: Class "ZipStream\ZipStream" not found in F:\it-asset\lib\vendor\phpoffice\PhpSpreadsheet\src\PhpSpreadsheet\Writer\ZipStream3.php:14
Stack trace:
#0 F:\it-asset\lib\vendor\phpoffice\PhpSpreadsheet\src\PhpSpreadsheet\Writer\ZipStream0.php(15): PhpOffice\PhpSpreadsheet\Writer\ZipStream3::newZipStream()
#1 F:\it-asset\lib\vendor\phpoffice\PhpSpreadsheet\src\PhpSpreadsheet\Writer\Xlsx.php(585): PhpOffice\PhpSpreadsheet\Writer\ZipStream0::newZipStream()
#2 F:\it-asset\pages\download_asset_template.php(89): PhpOffice\PhpSpreadsheet\Writer\Xlsx->save()
#3 F:\it-asset\index.php(33): include('...')
#4 {main}
  thrown in F:\it-asset\lib\vendor\phpoffice\PhpSpreadsheet\src\PhpSpreadsheet\Writer\ZipStream3.php on line 14
[30-Jan-2026 02:38:40 UTC] PHP Fatal error:  Uncaught Error: Class "ZipStream\ZipStream" not found in F:\it-asset\lib\vendor\phpoffice\PhpSpreadsheet\src\PhpSpreadsheet\Writer\ZipStream3.php:14
Stack trace:
#0 F:\it-asset\lib\vendor\phpoffice\PhpSpreadsheet\src\PhpSpreadsheet\Writer\ZipStream0.php(15): PhpOffice\PhpSpreadsheet\Writer\ZipStream3::newZipStream()
#1 F:\it-asset\lib\vendor\phpoffice\PhpSpreadsheet\src\PhpSpreadsheet\Writer\Xlsx.php(585): PhpOffice\PhpSpreadsheet\Writer\ZipStream0::newZipStream()
#2 F:\it-asset\pages\download_asset_template.php(97): PhpOffice\PhpSpreadsheet\Writer\Xlsx->save()
#3 F:\it-asset\index.php(33): include('...')
#4 {main}
  thrown in F:\it-asset\lib\vendor\phpoffice\PhpSpreadsheet\src\PhpSpreadsheet\Writer\ZipStream3.php on line 14
[30-Jan-2026 02:39:15 UTC] PHP Fatal error:  Uncaught Error: Class "ZipStream\ZipStream" not found in F:\it-asset\lib\vendor\phpoffice\PhpSpreadsheet\src\PhpSpreadsheet\Writer\ZipStream3.php:14
Stack trace:
#0 F:\it-asset\lib\vendor\phpoffice\PhpSpreadsheet\src\PhpSpreadsheet\Writer\ZipStream0.php(15): PhpOffice\PhpSpreadsheet\Writer\ZipStream3::newZipStream()
#1 F:\it-asset\lib\vendor\phpoffice\PhpSpreadsheet\src\PhpSpreadsheet\Writer\Xlsx.php(585): PhpOffice\PhpSpreadsheet\Writer\ZipStream0::newZipStream()
#2 F:\it-asset\pages\download_asset_template.php(97): PhpOffice\PhpSpreadsheet\Writer\Xlsx->save()
#3 F:\it-asset\index.php(33): include('...')
#4 {main}
  thrown in F:\it-asset\lib\vendor\phpoffice\PhpSpreadsheet\src\PhpSpreadsheet\Writer\ZipStream3.php on line 14
[30-Jan-2026 02:39:16 UTC] PHP Fatal error:  Uncaught Error: Class "ZipStream\ZipStream" not found in F:\it-asset\lib\vendor\phpoffice\PhpSpreadsheet\src\PhpSpreadsheet\Writer\ZipStream3.php:14
Stack trace:
#0 F:\it-asset\lib\vendor\phpoffice\PhpSpreadsheet\src\PhpSpreadsheet\Writer\ZipStream0.php(15): PhpOffice\PhpSpreadsheet\Writer\ZipStream3::newZipStream()
#1 F:\it-asset\lib\vendor\phpoffice\PhpSpreadsheet\src\PhpSpreadsheet\Writer\Xlsx.php(585): PhpOffice\PhpSpreadsheet\Writer\ZipStream0::newZipStream()
#2 F:\it-asset\pages\download_asset_template.php(97): PhpOffice\PhpSpreadsheet\Writer\Xlsx->save()
#3 F:\it-asset\index.php(33): include('...')
#4 {main}
  thrown in F:\it-asset\lib\vendor\phpoffice\PhpSpreadsheet\src\PhpSpreadsheet\Writer\ZipStream3.php on line 14
[30-Jan-2026 02:39:21 UTC] PHP Fatal error:  Uncaught Error: Class "ZipStream\ZipStream" not found in F:\it-asset\lib\vendor\phpoffice\PhpSpreadsheet\src\PhpSpreadsheet\Writer\ZipStream3.php:14
Stack trace:
#0 F:\it-asset\lib\vendor\phpoffice\PhpSpreadsheet\src\PhpSpreadsheet\Writer\ZipStream0.php(15): PhpOffice\PhpSpreadsheet\Writer\ZipStream3::newZipStream()
#1 F:\it-asset\lib\vendor\phpoffice\PhpSpreadsheet\src\PhpSpreadsheet\Writer\Xlsx.php(585): PhpOffice\PhpSpreadsheet\Writer\ZipStream0::newZipStream()
#2 F:\it-asset\pages\download_asset_template.php(97): PhpOffice\PhpSpreadsheet\Writer\Xlsx->save()
#3 F:\it-asset\index.php(33): include('...')
#4 {main}
  thrown in F:\it-asset\lib\vendor\phpoffice\PhpSpreadsheet\src\PhpSpreadsheet\Writer\ZipStream3.php on line 14
[30-Jan-2026 02:39:26 UTC] PHP Fatal error:  Uncaught Error: Class "ZipStream\ZipStream" not found in F:\it-asset\lib\vendor\phpoffice\PhpSpreadsheet\src\PhpSpreadsheet\Writer\ZipStream3.php:14
Stack trace:
#0 F:\it-asset\lib\vendor\phpoffice\PhpSpreadsheet\src\PhpSpreadsheet\Writer\ZipStream0.php(15): PhpOffice\PhpSpreadsheet\Writer\ZipStream3::newZipStream()
#1 F:\it-asset\lib\vendor\phpoffice\PhpSpreadsheet\src\PhpSpreadsheet\Writer\Xlsx.php(585): PhpOffice\PhpSpreadsheet\Writer\ZipStream0::newZipStream()
#2 F:\it-asset\pages\download_asset_template.php(97): PhpOffice\PhpSpreadsheet\Writer\Xlsx->save()
#3 F:\it-asset\index.php(33): include('...')
#4 {main}
  thrown in F:\it-asset\lib\vendor\phpoffice\PhpSpreadsheet\src\PhpSpreadsheet\Writer\ZipStream3.php on line 14
[30-Jan-2026 02:39:34 UTC] PHP Fatal error:  Uncaught Error: Class "ZipStream\ZipStream" not found in F:\it-asset\lib\vendor\phpoffice\PhpSpreadsheet\src\PhpSpreadsheet\Writer\ZipStream3.php:14
Stack trace:
#0 F:\it-asset\lib\vendor\phpoffice\PhpSpreadsheet\src\PhpSpreadsheet\Writer\ZipStream0.php(15): PhpOffice\PhpSpreadsheet\Writer\ZipStream3::newZipStream()
#1 F:\it-asset\lib\vendor\phpoffice\PhpSpreadsheet\src\PhpSpreadsheet\Writer\Xlsx.php(585): PhpOffice\PhpSpreadsheet\Writer\ZipStream0::newZipStream()
#2 F:\it-asset\pages\download_asset_template.php(97): PhpOffice\PhpSpreadsheet\Writer\Xlsx->save()
#3 F:\it-asset\index.php(33): include('...')
#4 {main}
  thrown in F:\it-asset\lib\vendor\phpoffice\PhpSpreadsheet\src\PhpSpreadsheet\Writer\ZipStream3.php on line 14
[30-Jan-2026 02:39:35 UTC] PHP Fatal error:  Uncaught Error: Class "ZipStream\ZipStream" not found in F:\it-asset\lib\vendor\phpoffice\PhpSpreadsheet\src\PhpSpreadsheet\Writer\ZipStream3.php:14
Stack trace:
#0 F:\it-asset\lib\vendor\phpoffice\PhpSpreadsheet\src\PhpSpreadsheet\Writer\ZipStream0.php(15): PhpOffice\PhpSpreadsheet\Writer\ZipStream3::newZipStream()
#1 F:\it-asset\lib\vendor\phpoffice\PhpSpreadsheet\src\PhpSpreadsheet\Writer\Xlsx.php(585): PhpOffice\PhpSpreadsheet\Writer\ZipStream0::newZipStream()
#2 F:\it-asset\pages\download_asset_template.php(97): PhpOffice\PhpSpreadsheet\Writer\Xlsx->save()
#3 F:\it-asset\index.php(33): include('...')
#4 {main}
  thrown in F:\it-asset\lib\vendor\phpoffice\PhpSpreadsheet\src\PhpSpreadsheet\Writer\ZipStream3.php on line 14
[30-Jan-2026 02:39:40 UTC] PHP Fatal error:  Uncaught Error: Class "ZipStream\ZipStream" not found in F:\it-asset\lib\vendor\phpoffice\PhpSpreadsheet\src\PhpSpreadsheet\Writer\ZipStream3.php:14
Stack trace:
#0 F:\it-asset\lib\vendor\phpoffice\PhpSpreadsheet\src\PhpSpreadsheet\Writer\ZipStream0.php(15): PhpOffice\PhpSpreadsheet\Writer\ZipStream3::newZipStream()
#1 F:\it-asset\lib\vendor\phpoffice\PhpSpreadsheet\src\PhpSpreadsheet\Writer\Xlsx.php(585): PhpOffice\PhpSpreadsheet\Writer\ZipStream0::newZipStream()
#2 F:\it-asset\pages\download_asset_template.php(97): PhpOffice\PhpSpreadsheet\Writer\Xlsx->save()
#3 F:\it-asset\index.php(33): include('...')
#4 {main}
  thrown in F:\it-asset\lib\vendor\phpoffice\PhpSpreadsheet\src\PhpSpreadsheet\Writer\ZipStream3.php on line 14
[30-Jan-2026 03:15:26 UTC] PHP Warning:  fopen(F:\it-asset/test.xlsx): Failed to open stream: Resource temporarily unavailable in F:\it-asset\lib\vendor\phpoffice\PhpSpreadsheet\src\PhpSpreadsheet\Writer\BaseWriter.php on line 117
[30-Jan-2026 03:29:24 UTC] PHP Fatal error:  Uncaught TypeError: Composer\Pcre\Preg::replaceCallback(): Argument #2 ($subject) must be of type string, Closure given, called in F:\it-asset\lib\vendor\phpoffice\PhpSpreadsheet\src\PhpSpreadsheet\Shared\StringHelper.php on line 358 and defined in F:\it-asset\lib\vendor\composer\pcre\src\Preg.php:117
Stack trace:
#0 F:\it-asset\lib\vendor\phpoffice\PhpSpreadsheet\src\PhpSpreadsheet\Shared\StringHelper.php(358): Composer\Pcre\Preg::replaceCallback()
#1 F:\it-asset\lib\vendor\phpoffice\PhpSpreadsheet\src\PhpSpreadsheet\Reader\Xlsx.php(763): PhpOffice\PhpSpreadsheet\Shared\StringHelper::controlCharacterOOXML2PHP()
#2 F:\it-asset\lib\vendor\phpoffice\PhpSpreadsheet\src\PhpSpreadsheet\Reader\BaseReader.php(269): PhpOffice\PhpSpreadsheet\Reader\Xlsx->loadSpreadsheetFromFile()
#3 F:\it-asset\lib\vendor\phpoffice\PhpSpreadsheet\src\PhpSpreadsheet\IOFactory.php(139): PhpOffice\PhpSpreadsheet\Reader\BaseReader->load()
#4 F:\it-asset\pages\assets_import.php(38): PhpOffice\PhpSpreadsheet\IOFactory::load()
#5 F:\it-asset\index.php(30): include('...')
#6 {main}
  thrown in F:\it-asset\lib\vendor\composer\pcre\src\Preg.php on line 117
[30-Jan-2026 04:22:29 UTC] PHP Warning:  Undefined array key "Role" in F:\it-asset\pages\users_edit.php on line 120
[30-Jan-2026 04:22:29 UTC] PHP Warning:  Undefined array key "Role" in F:\it-asset\pages\users_edit.php on line 121
[30-Jan-2026 04:22:29 UTC] PHP Warning:  Undefined array key "Status" in F:\it-asset\pages\users_edit.php on line 127
[30-Jan-2026 04:22:29 UTC] PHP Warning:  Undefined array key "Status" in F:\it-asset\pages\users_edit.php on line 128
[30-Jan-2026 04:23:03 UTC] PHP Warning:  Undefined array key "Role" in F:\it-asset\pages\users_edit.php on line 120
[30-Jan-2026 04:23:03 UTC] PHP Warning:  Undefined array key "Role" in F:\it-asset\pages\users_edit.php on line 121
[30-Jan-2026 04:23:03 UTC] PHP Warning:  Undefined array key "Status" in F:\it-asset\pages\users_edit.php on line 127
[30-Jan-2026 04:23:03 UTC] PHP Warning:  Undefined array key "Status" in F:\it-asset\pages\users_edit.php on line 128
[30-Jan-2026 07:09:37 UTC] PHP Parse error:  syntax error, unexpected double-quoted string " />", expecting "," or ";" in F:\it-asset\pages\asset_copy.php on line 114
[30-Jan-2026 07:12:31 UTC] PHP Warning:  Undefined array key "Role" in F:\it-asset\pages\users_edit.php on line 120
[30-Jan-2026 07:12:31 UTC] PHP Warning:  Undefined array key "Role" in F:\it-asset\pages\users_edit.php on line 121
[30-Jan-2026 07:12:31 UTC] PHP Warning:  Undefined array key "Status" in F:\it-asset\pages\users_edit.php on line 127
[30-Jan-2026 07:12:31 UTC] PHP Warning:  Undefined array key "Status" in F:\it-asset\pages\users_edit.php on line 128
[30-Jan-2026 07:13:15 UTC] PHP Fatal error:  Maximum execution time of 30 seconds exceeded in F:\it-asset\pages\users_import.php on line 55
Stack trace:
#0 F:\it-asset\index.php(81): include()
#1 {main}
[30-Jan-2026 07:13:54 UTC] PHP Parse error:  syntax error, unexpected double-quoted string " />", expecting "," or ";" in F:\it-asset\pages\asset_copy.php on line 114
[30-Jan-2026 07:18:16 UTC] PHP Fatal error:  Uncaught PDOException: SQLSTATE[42S22]: Column not found: 1054 Unknown column 'CreatedBy' in 'field list' in F:\it-asset\pages\asset_copy.php:63
Stack trace:
#0 F:\it-asset\pages\asset_copy.php(63): PDOStatement->execute()
#1 F:\it-asset\index.php(45): include('...')
#2 {main}
  thrown in F:\it-asset\pages\asset_copy.php on line 63
[30-Jan-2026 07:20:02 UTC] PHP Warning:  Undefined variable $user in F:\it-asset\pages\asset_copy.php on line 73
[30-Jan-2026 07:20:02 UTC] PHP Warning:  Trying to access array offset on null in F:\it-asset\pages\asset_copy.php on line 73
[30-Jan-2026 07:40:28 UTC] PHP Warning:  Undefined array key "Role" in F:\it-asset\pages\users_edit.php on line 120
[30-Jan-2026 07:40:28 UTC] PHP Warning:  Undefined array key "Role" in F:\it-asset\pages\users_edit.php on line 121
[30-Jan-2026 07:40:28 UTC] PHP Warning:  Undefined array key "Status" in F:\it-asset\pages\users_edit.php on line 127
[30-Jan-2026 07:40:28 UTC] PHP Warning:  Undefined array key "Status" in F:\it-asset\pages\users_edit.php on line 128
[30-Jan-2026 07:44:24 UTC] PHP Warning:  Undefined array key "Role" in F:\it-asset\pages\users_edit.php on line 129
[30-Jan-2026 07:44:24 UTC] PHP Warning:  Undefined array key "Role" in F:\it-asset\pages\users_edit.php on line 130
[30-Jan-2026 07:44:24 UTC] PHP Warning:  Undefined array key "Status" in F:\it-asset\pages\users_edit.php on line 136
[30-Jan-2026 07:44:24 UTC] PHP Warning:  Undefined array key "Status" in F:\it-asset\pages\users_edit.php on line 137
[30-Jan-2026 07:45:06 UTC] PHP Warning:  Undefined array key "Role" in F:\it-asset\pages\users_edit.php on line 129
[30-Jan-2026 07:45:06 UTC] PHP Warning:  Undefined array key "Role" in F:\it-asset\pages\users_edit.php on line 130
[30-Jan-2026 07:45:06 UTC] PHP Warning:  Undefined array key "Status" in F:\it-asset\pages\users_edit.php on line 136
[30-Jan-2026 07:45:06 UTC] PHP Warning:  Undefined array key "Status" in F:\it-asset\pages\users_edit.php on line 137
[30-Jan-2026 07:45:55 UTC] PHP Warning:  Undefined array key "Role" in F:\it-asset\pages\users_edit.php on line 133
[30-Jan-2026 07:45:55 UTC] PHP Warning:  Undefined array key "Role" in F:\it-asset\pages\users_edit.php on line 134
[30-Jan-2026 07:45:55 UTC] PHP Warning:  Undefined array key "Status" in F:\it-asset\pages\users_edit.php on line 140
[30-Jan-2026 07:45:55 UTC] PHP Warning:  Undefined array key "Status" in F:\it-asset\pages\users_edit.php on line 141
[30-Jan-2026 07:46:00 UTC] PHP Warning:  Undefined array key "Role" in F:\it-asset\pages\users_edit.php on line 133
[30-Jan-2026 07:46:00 UTC] PHP Warning:  Undefined array key "Role" in F:\it-asset\pages\users_edit.php on line 134
[30-Jan-2026 07:46:00 UTC] PHP Warning:  Undefined array key "Status" in F:\it-asset\pages\users_edit.php on line 140
[30-Jan-2026 07:46:00 UTC] PHP Warning:  Undefined array key "Status" in F:\it-asset\pages\users_edit.php on line 141
[30-Jan-2026 07:47:58 UTC] PHP Fatal error:  Uncaught Error: Call to undefined function h() in F:\it-asset\debug_user_query.php:29
Stack trace:
#0 {main}
  thrown in F:\it-asset\debug_user_query.php on line 29
[30-Jan-2026 07:48:42 UTC] DEBUG: user array = Array
(
    [Id] => 14
    [Username] => HuangGai
    [FullName] => 黄丐
    [Email] => 
    [Department] => 海外事业部
    [CreatedAt] => 2026-01-30 15:12:48
    [Password] => $2y$12$wTzGa4XmraiBuMU6iP5r0epNZuAITEBOJztpAezkCl.K/xs1RUkXW
    [Role] => user
    [Status] => active
    [LastLoginAt] => 
)

[30-Jan-2026 07:48:42 UTC] PHP Warning:  Undefined array key "Role" in F:\it-asset\pages\users_edit.php on line 141
[30-Jan-2026 07:48:42 UTC] PHP Warning:  Undefined array key "Role" in F:\it-asset\pages\users_edit.php on line 142
[30-Jan-2026 07:48:42 UTC] PHP Warning:  Undefined array key "Status" in F:\it-asset\pages\users_edit.php on line 148
[30-Jan-2026 07:48:42 UTC] PHP Warning:  Undefined array key "Status" in F:\it-asset\pages\users_edit.php on line 149
[31-Jan-2026 06:17:43 UTC] PHP Fatal error:  Uncaught PDOException: SQLSTATE[42S22]: Column not found: 1054 Unknown column 'u.Username' in 'where clause' in F:\it-asset\pages\assets_list.php:55
Stack trace:
#0 F:\it-asset\pages\assets_list.php(55): PDOStatement->execute()
#1 F:\it-asset\index.php(24): include('...')
#2 {main}
  thrown in F:\it-asset\pages\assets_list.php on line 55
[31-Jan-2026 06:18:36 UTC] PHP Fatal error:  Uncaught PDOException: SQLSTATE[42S22]: Column not found: 1054 Unknown column 'u.Username' in 'where clause' in F:\it-asset\pages\assets_list.php:152
Stack trace:
#0 F:\it-asset\pages\assets_list.php(152): PDOStatement->execute()
#1 F:\it-asset\index.php(24): include('...')
#2 {main}
  thrown in F:\it-asset\pages\assets_list.php on line 152
[31-Jan-2026 06:18:59 UTC] PHP Fatal error:  Uncaught PDOException: SQLSTATE[42S22]: Column not found: 1054 Unknown column 'u.Username' in 'where clause' in F:\it-asset\pages\assets_list.php:152
Stack trace:
#0 F:\it-asset\pages\assets_list.php(152): PDOStatement->execute()
#1 F:\it-asset\index.php(24): include('...')
#2 {main}
  thrown in F:\it-asset\pages\assets_list.php on line 152
[31-Jan-2026 06:20:05 UTC] PHP Fatal error:  Uncaught PDOException: SQLSTATE[42S22]: Column not found: 1054 Unknown column 'u.Username' in 'where clause' in F:\it-asset\pages\assets_list.php:152
Stack trace:
#0 F:\it-asset\pages\assets_list.php(152): PDOStatement->execute()
#1 F:\it-asset\index.php(24): include('...')
#2 {main}
  thrown in F:\it-asset\pages\assets_list.php on line 152
[31-Jan-2026 06:24:30 UTC] PHP Fatal error:  Uncaught PDOException: SQLSTATE[42S22]: Column not found: 1054 Unknown column 'u.Username' in 'where clause' in F:\it-asset\pages\assets_list.php:152
Stack trace:
#0 F:\it-asset\pages\assets_list.php(152): PDOStatement->execute()
#1 F:\it-asset\index.php(24): include('...')
#2 {main}
  thrown in F:\it-asset\pages\assets_list.php on line 152
[31-Jan-2026 06:24:37 UTC] PHP Fatal error:  Uncaught PDOException: SQLSTATE[42S22]: Column not found: 1054 Unknown column 'u.Username' in 'where clause' in F:\it-asset\pages\assets_list.php:152
Stack trace:
#0 F:\it-asset\pages\assets_list.php(152): PDOStatement->execute()
#1 F:\it-asset\index.php(24): include('...')
#2 {main}
  thrown in F:\it-asset\pages\assets_list.php on line 152
[31-Jan-2026 06:24:39 UTC] PHP Fatal error:  Uncaught PDOException: SQLSTATE[42S22]: Column not found: 1054 Unknown column 'u.Username' in 'where clause' in F:\it-asset\pages\assets_list.php:152
Stack trace:
#0 F:\it-asset\pages\assets_list.php(152): PDOStatement->execute()
#1 F:\it-asset\index.php(24): include('...')
#2 {main}
  thrown in F:\it-asset\pages\assets_list.php on line 152
[31-Jan-2026 06:27:02 UTC] PHP Fatal error:  Uncaught PDOException: SQLSTATE[23000]: Integrity constraint violation: 1052 Column 'Status' in field list is ambiguous in F:\it-asset\pages\assets_list.php:152
Stack trace:
#0 F:\it-asset\pages\assets_list.php(152): PDOStatement->execute()
#1 F:\it-asset\index.php(24): include('...')
#2 {main}
  thrown in F:\it-asset\pages\assets_list.php on line 152
[31-Jan-2026 06:28:00 UTC] PHP Fatal error:  Uncaught PDOException: SQLSTATE[23000]: Integrity constraint violation: 1052 Column 'Status' in field list is ambiguous in F:\it-asset\pages\assets_list.php:152
Stack trace:
#0 F:\it-asset\pages\assets_list.php(152): PDOStatement->execute()
#1 F:\it-asset\index.php(24): include('...')
#2 {main}
  thrown in F:\it-asset\pages\assets_list.php on line 152
[31-Jan-2026 06:28:02 UTC] PHP Fatal error:  Uncaught PDOException: SQLSTATE[23000]: Integrity constraint violation: 1052 Column 'Status' in field list is ambiguous in F:\it-asset\pages\assets_list.php:152
Stack trace:
#0 F:\it-asset\pages\assets_list.php(152): PDOStatement->execute()
#1 F:\it-asset\index.php(24): include('...')
#2 {main}
  thrown in F:\it-asset\pages\assets_list.php on line 152
[31-Jan-2026 06:28:04 UTC] PHP Fatal error:  Uncaught PDOException: SQLSTATE[23000]: Integrity constraint violation: 1052 Column 'Status' in field list is ambiguous in F:\it-asset\pages\assets_list.php:152
Stack trace:
#0 F:\it-asset\pages\assets_list.php(152): PDOStatement->execute()
#1 F:\it-asset\index.php(24): include('...')
#2 {main}
  thrown in F:\it-asset\pages\assets_list.php on line 152
[31-Jan-2026 06:28:04 UTC] PHP Fatal error:  Uncaught PDOException: SQLSTATE[23000]: Integrity constraint violation: 1052 Column 'Status' in field list is ambiguous in F:\it-asset\pages\assets_list.php:152
Stack trace:
#0 F:\it-asset\pages\assets_list.php(152): PDOStatement->execute()
#1 F:\it-asset\index.php(24): include('...')
#2 {main}
  thrown in F:\it-asset\pages\assets_list.php on line 152
[31-Jan-2026 06:28:05 UTC] PHP Fatal error:  Uncaught PDOException: SQLSTATE[23000]: Integrity constraint violation: 1052 Column 'Status' in field list is ambiguous in F:\it-asset\pages\assets_list.php:152
Stack trace:
#0 F:\it-asset\pages\assets_list.php(152): PDOStatement->execute()
#1 F:\it-asset\index.php(24): include('...')
#2 {main}
  thrown in F:\it-asset\pages\assets_list.php on line 152
[31-Jan-2026 06:28:07 UTC] PHP Fatal error:  Uncaught PDOException: SQLSTATE[23000]: Integrity constraint violation: 1052 Column 'Status' in field list is ambiguous in F:\it-asset\pages\assets_list.php:152
Stack trace:
#0 F:\it-asset\pages\assets_list.php(152): PDOStatement->execute()
#1 F:\it-asset\index.php(24): include('...')
#2 {main}
  thrown in F:\it-asset\pages\assets_list.php on line 152
[03-Feb-2026 09:09:17 UTC] PHP Fatal error:  Maximum execution time of 30 seconds exceeded in F:\it-asset\pages\users_import.php on line 92
Stack trace:
#0 F:\it-asset\pages\users_import.php(92): password_hash()
#1 F:\it-asset\index.php(81): include('...')
#2 {main}
[03-Feb-2026 09:09:26 UTC] PHP Fatal error:  Maximum execution time of 30 seconds exceeded in F:\it-asset\pages\users_import.php on line 92
Stack trace:
#0 F:\it-asset\pages\users_import.php(92): password_hash()
#1 F:\it-asset\index.php(81): include('...')
#2 {main}
[03-Feb-2026 09:20:58 UTC] PHP Notice:  session_start(): ps_files_cleanup_dir: opendir(C:\windows\TEMP) failed: No error (0) in F:\it-asset\lib\auth.php on line 8
[03-Feb-2026 09:22:23 UTC] PHP Notice:  session_start(): ps_files_cleanup_dir: opendir(C:\windows\TEMP) failed: No error (0) in F:\it-asset\lib\auth.php on line 8
[03-Feb-2026 09:40:04 UTC] PHP Warning:  Undefined variable $dsn in F:\it-asset\pages\backup.php on line 16
[03-Feb-2026 09:40:04 UTC] PHP Warning:  Undefined variable $dsn in F:\it-asset\pages\backup.php on line 18
[03-Feb-2026 09:40:39 UTC] PHP Warning:  Undefined variable $dsn in F:\it-asset\pages\backup.php on line 16
[03-Feb-2026 09:40:39 UTC] PHP Warning:  Undefined variable $dsn in F:\it-asset\pages\backup.php on line 18
[03-Feb-2026 09:40:39 UTC] PHP Fatal error:  Uncaught ArgumentCountError: 6 arguments are required, 5 given in F:\it-asset\pages\backup.php:29
Stack trace:
#0 F:\it-asset\pages\backup.php(29): sprintf()
#1 F:\it-asset\index.php(114): include('...')
#2 {main}
  thrown in F:\it-asset\pages\backup.php on line 29
[03-Feb-2026 09:42:19 UTC] PHP Warning:  Undefined variable $backupFile in F:\it-asset\pages\backup.php on line 32
[05-Feb-2026 03:05:21 UTC] 验证码验证 - 输入: '290738' (类型: string), 存储: '942736' (类型: integer), 长度: 6 vs 6, 时间差: 120秒
[05-Feb-2026 03:05:21 UTC] 严格比较结果: false
[05-Feb-2026 03:05:21 UTC] 字符串比较结果: false
[05-Feb-2026 03:05:38 UTC] 验证码验证 - 输入: '260722' (类型: string), 存储: '260722' (类型: integer), 长度: 6 vs 6, 时间差: 17秒
[05-Feb-2026 03:05:38 UTC] 严格比较结果: false
[05-Feb-2026 03:05:38 UTC] 字符串比较结果: true
[05-Feb-2026 03:06:11 UTC] 验证码验证 - 输入: '755508' (类型: string), 存储: '755508' (类型: integer), 长度: 6 vs 6, 时间差: 5秒
[05-Feb-2026 03:06:11 UTC] 严格比较结果: false
[05-Feb-2026 03:06:11 UTC] 字符串比较结果: true
[05-Feb-2026 03:06:28 UTC] 验证码验证 - 输入: '966655' (类型: string), 存储: '892463' (类型: integer), 长度: 6 vs 6, 时间差: 9秒
[05-Feb-2026 03:06:28 UTC] 严格比较结果: false
[05-Feb-2026 03:06:28 UTC] 字符串比较结果: false
[06-Feb-2026 02:39:45 UTC] PHP Fatal error:  Uncaught PDOException: SQLSTATE[42S22]: Column not found: 1054 Unknown column 'a.CategoryId' in 'on clause' in F:\it-asset\qr.php:48
Stack trace:
#0 F:\it-asset\qr.php(48): PDOStatement->execute()
#1 {main}
  thrown in F:\it-asset\qr.php on line 48
[06-Feb-2026 02:42:55 UTC] PHP Fatal error:  Uncaught PDOException: SQLSTATE[42S22]: Column not found: 1054 Unknown column 'a.CategoryId' in 'on clause' in F:\it-asset\qr.php:48
Stack trace:
#0 F:\it-asset\qr.php(48): PDOStatement->execute()
#1 {main}
  thrown in F:\it-asset\qr.php on line 48
[06-Feb-2026 02:43:15 UTC] PHP Fatal error:  Uncaught PDOException: SQLSTATE[42S22]: Column not found: 1054 Unknown column 'a.CategoryId' in 'on clause' in F:\it-asset\qr.php:48
Stack trace:
#0 F:\it-asset\qr.php(48): PDOStatement->execute()
#1 {main}
  thrown in F:\it-asset\qr.php on line 48
[06-Feb-2026 02:45:08 UTC] PHP Fatal error:  Uncaught PDOException: SQLSTATE[42S22]: Column not found: 1054 Unknown column 'Name' in 'field list' in F:\it-asset\qr.php:20
Stack trace:
#0 F:\it-asset\qr.php(20): PDOStatement->execute()
#1 F:\it-asset\qr.php(59): getUserDisplay()
#2 {main}
  thrown in F:\it-asset\qr.php on line 20
[06-Feb-2026 02:45:20 UTC] PHP Fatal error:  Uncaught PDOException: SQLSTATE[42S22]: Column not found: 1054 Unknown column 'Name' in 'field list' in F:\it-asset\qr.php:20
Stack trace:
#0 F:\it-asset\qr.php(20): PDOStatement->execute()
#1 F:\it-asset\qr.php(59): getUserDisplay()
#2 {main}
  thrown in F:\it-asset\qr.php on line 20
[06-Feb-2026 02:47:16 UTC] PHP Warning:  Undefined array key "Name" in F:\it-asset\qr.php on line 23
